Using pre-set license
Built from '2020.3/release' branch; Version is '2020.3.1f1 (77a89f25062f) revision 7841951'; Using compiler version '192528614'; Build Type 'Release'
OS: 'Windows 10 Home; OS build 19045.2965; Version 2009; 64bit' Language: 'en' Physical Memory: 16085 MB
BatchMode: 1, IsHumanControllingUs: 0, StartBugReporterOnCrash: 0, Is64bit: 1, IsPro: 0

 COMMAND LINE ARGUMENTS:
C:\Program Files\Unity\Editor\Unity.exe
-adb2
-batchMode
-noUpm
-name
AssetImportWorker0
-projectPath
C:/Users/maxim/Desktop/Unity Project Files/UrQuan Server
-logFile
Logs/AssetImportWorker0.log
-srvPort
59847
Successfully changed project path to: C:/Users/maxim/Desktop/Unity Project Files/UrQuan Server
C:/Users/maxim/Desktop/Unity Project Files/UrQuan Server
Using Asset Import Pipeline V2.
Refreshing native plugins compatible for Editor in 46.36 ms, found 0 plugins.
Preloading 0 native plugins for Editor in 0.00 ms.
Initialize engine version: 2020.3.1f1 (77a89f25062f)
[Subsystems] Discovering subsystems at path C:/Program Files/Unity/Editor/Data/Resources/UnitySubsystems
[Subsystems] Discovering subsystems at path C:/Users/maxim/Desktop/Unity Project Files/UrQuan Server/Assets
GfxDevice: creating device client; threaded=0
Direct3D:
    Version:  Direct3D 11.0 [level 11.1]
    Renderer: NVIDIA GeForce RTX 3060 Laptop GPU (ID=0x2520)
    Vendor:   
    VRAM:     6009 MB
    Driver:   31.0.15.2849
Initialize mono
Mono path[0] = 'C:/Program Files/Unity/Editor/Data/Managed'
Mono path[1] = 'C:/Program Files/Unity/Editor/Data/MonoBleedingEdge/lib/mono/unityjit'
Mono config path = 'C:/Program Files/Unity/Editor/Data/MonoBleedingEdge/etc'
Using monoOptions --debugger-agent=transport=dt_socket,embedding=1,server=y,suspend=n,address=127.0.0.1:56028
Begin MonoManager ReloadAssembly
Registering precompiled unity dll's ...
Register platform support module: C:/Program Files/Unity/Editor/Data/PlaybackEngines/WindowsStandaloneSupport/UnityEditor.WindowsStandalone.Extensions.dll
Registered in 0.002275 seconds.
Native extension for WindowsStandalone target not found
Refreshing native plugins compatible for Editor in 25.85 ms, found 0 plugins.
Preloading 0 native plugins for Editor in 0.00 ms.
Invoked RoslynAnalysisRunner static constructor.
RoslynAnalysisRunner will not be running.
RoslynAnalysisRunner has terminated.
Mono: successfully reloaded assembly
- Completed reload, in  1.214 seconds
Platform modules already initialized, skipping
Registering precompiled user dll's ...
Registered in 0.001085 seconds.
Begin MonoManager ReloadAssembly
Native extension for WindowsStandalone target not found
Refreshing native plugins compatible for Editor in 0.33 ms, found 0 plugins.
Preloading 0 native plugins for Editor in 0.00 ms.
Invoked RoslynAnalysisRunner static constructor.
RoslynAnalysisRunner will not be running.
RoslynAnalysisRunner has terminated.
Mono: successfully reloaded assembly
- Completed reload, in  1.979 seconds
Platform modules already initialized, skipping
========================================================================
Worker process is ready to serve import requests
Launched and connected shader compiler UnityShaderCompiler.exe after 0.07 seconds
Refreshing native plugins compatible for Editor in 0.34 ms, found 0 plugins.
Preloading 0 native plugins for Editor in 0.00 ms.
Unloading 1127 Unused Serialized files (Serialized files now loaded: 0)
System memory in use before: 57.4 MB.
System memory in use after: 57.4 MB.

Unloading 11 unused Assets to reduce memory usage. Loaded Objects now: 1569.
Total: 1.824200 ms (FindLiveObjects: 0.119700 ms CreateObjectMapping: 0.030600 ms MarkObjects: 1.586300 ms  DeleteObjects: 0.086600 ms)

========================================================================
Received Import Request.
  path: Assets/Scripts/PlayerMovement.cs
  artifactKey: Guid(240cb3c15505e0149b22c973577d35fa) Importer(815301076,1909f56bfc062723c751e8b465ee728b)
Start importing Assets/Scripts/PlayerMovement.cs using Guid(240cb3c15505e0149b22c973577d35fa) Importer(815301076,1909f56bfc062723c751e8b465ee728b)  -> (artifact id: 'c08953961aef44c614624be7bc847baa') in 0.030554 seconds
  Import took 0.035217 seconds .

========================================================================
Received Prepare
Registering precompiled user dll's ...
Registered in 0.002070 seconds.
Begin MonoManager ReloadAssembly
Native extension for WindowsStandalone target not found
Refreshing native plugins compatible for Editor in 0.33 ms, found 0 plugins.
Preloading 0 native plugins for Editor in 0.00 ms.
Invoked RoslynAnalysisRunner static constructor.
RoslynAnalysisRunner will not be running.
RoslynAnalysisRunner has terminated.
Mono: successfully reloaded assembly
- Completed reload, in  1.601 seconds
Platform modules already initialized, skipping
Refreshing native plugins compatible for Editor in 0.38 ms, found 0 plugins.
Preloading 0 native plugins for Editor in 0.00 ms.
Unloading 1122 Unused Serialized files (Serialized files now loaded: 0)
System memory in use before: 57.3 MB.
System memory in use after: 57.4 MB.

Unloading 6 unused Assets to reduce memory usage. Loaded Objects now: 1572.
Total: 4.762600 ms (FindLiveObjects: 0.222100 ms CreateObjectMapping: 0.039300 ms MarkObjects: 4.399500 ms  DeleteObjects: 0.099600 ms)

========================================================================
Received Import Request.
  Time since last request: 1788.864893 seconds.
  path: Assets/Scripts/Player.cs
  artifactKey: Guid(1310355666812e547b3c0700bb187ec5) Importer(815301076,1909f56bfc062723c751e8b465ee728b)
Start importing Assets/Scripts/Player.cs using Guid(1310355666812e547b3c0700bb187ec5) Importer(815301076,1909f56bfc062723c751e8b465ee728b)  -> (artifact id: 'cb8283b7917fa61c26df9b92a984d810') in 0.014274 seconds
  Import took 0.023699 seconds .

========================================================================
Received Import Request.
  Time since last request: 54.654124 seconds.
  path: Assets/Scripts/Player.cs
  artifactKey: Guid(1310355666812e547b3c0700bb187ec5) Importer(815301076,1909f56bfc062723c751e8b465ee728b)
Start importing Assets/Scripts/Player.cs using Guid(1310355666812e547b3c0700bb187ec5) Importer(815301076,1909f56bfc062723c751e8b465ee728b)  -> (artifact id: 'c3968d1d6a21d4866d74d77d8df950e1') in 0.006685 seconds
  Import took 0.015040 seconds .

========================================================================
Received Import Request.
  Time since last request: 14.184248 seconds.
  path: Assets/Scripts/Player.cs
  artifactKey: Guid(1310355666812e547b3c0700bb187ec5) Importer(815301076,1909f56bfc062723c751e8b465ee728b)
Start importing Assets/Scripts/Player.cs using Guid(1310355666812e547b3c0700bb187ec5) Importer(815301076,1909f56bfc062723c751e8b465ee728b)  -> (artifact id: '9f69916e7dfce250d9dee51b0de94f89') in 0.004410 seconds
  Import took 0.010396 seconds .

========================================================================
Received Import Request.
  Time since last request: 3.577672 seconds.
  path: Assets/Scripts/Player.cs
  artifactKey: Guid(1310355666812e547b3c0700bb187ec5) Importer(815301076,1909f56bfc062723c751e8b465ee728b)
Start importing Assets/Scripts/Player.cs using Guid(1310355666812e547b3c0700bb187ec5) Importer(815301076,1909f56bfc062723c751e8b465ee728b)  -> (artifact id: 'f42019dcc1d9d3f5075da21da2c792e7') in 0.004481 seconds
  Import took 0.009322 seconds .

========================================================================
Received Import Request.
  Time since last request: 8.142184 seconds.
  path: Assets/Scripts/Player.cs
  artifactKey: Guid(1310355666812e547b3c0700bb187ec5) Importer(815301076,1909f56bfc062723c751e8b465ee728b)
Start importing Assets/Scripts/Player.cs using Guid(1310355666812e547b3c0700bb187ec5) Importer(815301076,1909f56bfc062723c751e8b465ee728b)  -> (artifact id: '0dc83b58ba7ac455314c50b20d959e89') in 0.005188 seconds
  Import took 0.011809 seconds .

========================================================================
Received Import Request.
  Time since last request: 28.197727 seconds.
  path: Assets/Scripts/Player.cs
  artifactKey: Guid(1310355666812e547b3c0700bb187ec5) Importer(815301076,1909f56bfc062723c751e8b465ee728b)
Start importing Assets/Scripts/Player.cs using Guid(1310355666812e547b3c0700bb187ec5) Importer(815301076,1909f56bfc062723c751e8b465ee728b)  -> (artifact id: '6ef93e9e5b9f27a2a86d9c667d2f1c8e') in 0.016806 seconds
  Import took 0.023429 seconds .

========================================================================
Received Import Request.
  Time since last request: 11.817819 seconds.
  path: Assets/Scripts/Player.cs
  artifactKey: Guid(1310355666812e547b3c0700bb187ec5) Importer(815301076,1909f56bfc062723c751e8b465ee728b)
Start importing Assets/Scripts/Player.cs using Guid(1310355666812e547b3c0700bb187ec5) Importer(815301076,1909f56bfc062723c751e8b465ee728b)  -> (artifact id: 'db673aa40f5c8681787f017de1f6c530') in 0.010610 seconds
  Import took 0.020013 seconds .

========================================================================
Received Import Request.
  Time since last request: 52.019115 seconds.
  path: Assets/Scripts/Player.cs
  artifactKey: Guid(1310355666812e547b3c0700bb187ec5) Importer(815301076,1909f56bfc062723c751e8b465ee728b)
Start importing Assets/Scripts/Player.cs using Guid(1310355666812e547b3c0700bb187ec5) Importer(815301076,1909f56bfc062723c751e8b465ee728b)  -> (artifact id: 'baf035459e64257ea502dac4122c3cc1') in 0.017770 seconds
  Import took 0.023060 seconds .

========================================================================
Received Import Request.
  Time since last request: 11.435851 seconds.
  path: Assets/Scripts/Player.cs
  artifactKey: Guid(1310355666812e547b3c0700bb187ec5) Importer(815301076,1909f56bfc062723c751e8b465ee728b)
Start importing Assets/Scripts/Player.cs using Guid(1310355666812e547b3c0700bb187ec5) Importer(815301076,1909f56bfc062723c751e8b465ee728b)  -> (artifact id: 'cf9be676b05cf875d9f6f395c08004d1') in 0.005525 seconds
  Import took 0.020662 seconds .

========================================================================
Received Import Request.
  Time since last request: 5.876190 seconds.
  path: Assets/Scripts/Player.cs
  artifactKey: Guid(1310355666812e547b3c0700bb187ec5) Importer(815301076,1909f56bfc062723c751e8b465ee728b)
Start importing Assets/Scripts/Player.cs using Guid(1310355666812e547b3c0700bb187ec5) Importer(815301076,1909f56bfc062723c751e8b465ee728b)  -> (artifact id: 'dfb8694420f3854ef1a7f8bfa8fc6bcf') in 0.004511 seconds
  Import took 0.010430 seconds .

========================================================================
Received Prepare
Registering precompiled user dll's ...
Registered in 0.001624 seconds.
Begin MonoManager ReloadAssembly
Native extension for WindowsStandalone target not found
Refreshing native plugins compatible for Editor in 0.45 ms, found 0 plugins.
Preloading 0 native plugins for Editor in 0.00 ms.
Invoked RoslynAnalysisRunner static constructor.
RoslynAnalysisRunner will not be running.
RoslynAnalysisRunner has terminated.
Mono: successfully reloaded assembly
- Completed reload, in  1.238 seconds
Platform modules already initialized, skipping
Refreshing native plugins compatible for Editor in 0.29 ms, found 0 plugins.
Preloading 0 native plugins for Editor in 0.00 ms.
Unloading 1122 Unused Serialized files (Serialized files now loaded: 0)
System memory in use before: 57.3 MB.
System memory in use after: 57.4 MB.

Unloading 6 unused Assets to reduce memory usage. Loaded Objects now: 1575.
Total: 1.711400 ms (FindLiveObjects: 0.129800 ms CreateObjectMapping: 0.020100 ms MarkObjects: 1.489300 ms  DeleteObjects: 0.070800 ms)

========================================================================
Received Import Request.
  Time since last request: 20.523335 seconds.
  path: Assets/Scripts/Player.cs
  artifactKey: Guid(1310355666812e547b3c0700bb187ec5) Importer(815301076,1909f56bfc062723c751e8b465ee728b)
Start importing Assets/Scripts/Player.cs using Guid(1310355666812e547b3c0700bb187ec5) Importer(815301076,1909f56bfc062723c751e8b465ee728b)  -> (artifact id: 'd32a38b125b5816d4eaaa34ca8ee946f') in 0.011809 seconds
  Import took 0.025121 seconds .

========================================================================
Received Import Request.
  Time since last request: 21.529983 seconds.
  path: Assets/Scripts/Player.cs
  artifactKey: Guid(1310355666812e547b3c0700bb187ec5) Importer(815301076,1909f56bfc062723c751e8b465ee728b)
Start importing Assets/Scripts/Player.cs using Guid(1310355666812e547b3c0700bb187ec5) Importer(815301076,1909f56bfc062723c751e8b465ee728b)  -> (artifact id: '85a8dc851140891985d815ac586355bb') in 0.005675 seconds
  Import took 0.025008 seconds .

========================================================================
Received Import Request.
  Time since last request: 17.336838 seconds.
  path: Assets/Scripts/Player.cs
  artifactKey: Guid(1310355666812e547b3c0700bb187ec5) Importer(815301076,1909f56bfc062723c751e8b465ee728b)
Start importing Assets/Scripts/Player.cs using Guid(1310355666812e547b3c0700bb187ec5) Importer(815301076,1909f56bfc062723c751e8b465ee728b)  -> (artifact id: '1c6aa8f56a962d0ab7fbd2b92399fe1c') in 0.005469 seconds
  Import took 0.012758 seconds .

========================================================================
Received Import Request.
  Time since last request: 65.473502 seconds.
  path: Assets/Scripts/Player.cs
  artifactKey: Guid(1310355666812e547b3c0700bb187ec5) Importer(815301076,1909f56bfc062723c751e8b465ee728b)
Start importing Assets/Scripts/Player.cs using Guid(1310355666812e547b3c0700bb187ec5) Importer(815301076,1909f56bfc062723c751e8b465ee728b)  -> (artifact id: 'bca7d703df42ab6f59e63db1bad47fc1') in 0.029797 seconds
  Import took 0.036137 seconds .

========================================================================
Received Prepare
Registering precompiled user dll's ...
Registered in 0.001750 seconds.
Begin MonoManager ReloadAssembly
Native extension for WindowsStandalone target not found
Refreshing native plugins compatible for Editor in 0.50 ms, found 0 plugins.
Preloading 0 native plugins for Editor in 0.00 ms.
Invoked RoslynAnalysisRunner static constructor.
RoslynAnalysisRunner will not be running.
RoslynAnalysisRunner has terminated.
Mono: successfully reloaded assembly
- Completed reload, in  1.407 seconds
Platform modules already initialized, skipping
Refreshing native plugins compatible for Editor in 0.45 ms, found 0 plugins.
Preloading 0 native plugins for Editor in 0.00 ms.
Unloading 1122 Unused Serialized files (Serialized files now loaded: 0)
System memory in use before: 57.4 MB.
System memory in use after: 57.4 MB.

Unloading 6 unused Assets to reduce memory usage. Loaded Objects now: 1578.
Total: 2.644600 ms (FindLiveObjects: 0.229900 ms CreateObjectMapping: 0.067600 ms MarkObjects: 2.231500 ms  DeleteObjects: 0.113600 ms)

========================================================================
Received Import Request.
  Time since last request: 12.357494 seconds.
  path: Assets/Scripts/Multiplayer/NetworkManager.cs
  artifactKey: Guid(6cb907e168401d34b8b9582c37f80e67) Importer(815301076,1909f56bfc062723c751e8b465ee728b)
Start importing Assets/Scripts/Multiplayer/NetworkManager.cs using Guid(6cb907e168401d34b8b9582c37f80e67) Importer(815301076,1909f56bfc062723c751e8b465ee728b)  -> (artifact id: 'd1d6c181cb48010caa72e7ef151adad3') in 0.008953 seconds
  Import took 0.024478 seconds .

========================================================================
Received Prepare
Registering precompiled user dll's ...
Registered in 0.001653 seconds.
Begin MonoManager ReloadAssembly
Native extension for WindowsStandalone target not found
Refreshing native plugins compatible for Editor in 0.30 ms, found 0 plugins.
Preloading 0 native plugins for Editor in 0.00 ms.
Invoked RoslynAnalysisRunner static constructor.
RoslynAnalysisRunner will not be running.
RoslynAnalysisRunner has terminated.
Mono: successfully reloaded assembly
- Completed reload, in  1.051 seconds
Platform modules already initialized, skipping
Refreshing native plugins compatible for Editor in 0.26 ms, found 0 plugins.
Preloading 0 native plugins for Editor in 0.00 ms.
Unloading 1122 Unused Serialized files (Serialized files now loaded: 0)
System memory in use before: 57.4 MB.
System memory in use after: 57.4 MB.

Unloading 6 unused Assets to reduce memory usage. Loaded Objects now: 1581.
Total: 1.649900 ms (FindLiveObjects: 0.142200 ms CreateObjectMapping: 0.046700 ms MarkObjects: 1.404000 ms  DeleteObjects: 0.056100 ms)

========================================================================
Received Prepare
Refreshing native plugins compatible for Editor in 1.91 ms, found 0 plugins.
Preloading 0 native plugins for Editor in 0.00 ms.
Unloading 4 Unused Serialized files (Serialized files now loaded: 0)
System memory in use before: 35.2 MB.
System memory in use after: 35.3 MB.

Unloading 4 unused Assets to reduce memory usage. Loaded Objects now: 1581.
Total: 2.385400 ms (FindLiveObjects: 0.187900 ms CreateObjectMapping: 0.027000 ms MarkObjects: 2.101700 ms  DeleteObjects: 0.067800 ms)

========================================================================
Received Import Request.
  Time since last request: 244.432647 seconds.
  path: Assets/Scripts/Player.cs
  artifactKey: Guid(1310355666812e547b3c0700bb187ec5) Importer(815301076,1909f56bfc062723c751e8b465ee728b)
Start importing Assets/Scripts/Player.cs using Guid(1310355666812e547b3c0700bb187ec5) Importer(815301076,1909f56bfc062723c751e8b465ee728b)  -> (artifact id: '5d22b13793c806bdb0b8f7ef2c5d8d2e') in 0.014677 seconds
  Import took 0.019723 seconds .

========================================================================
Received Prepare
Registering precompiled user dll's ...
Registered in 0.001793 seconds.
Begin MonoManager ReloadAssembly
Native extension for WindowsStandalone target not found
Refreshing native plugins compatible for Editor in 0.29 ms, found 0 plugins.
Preloading 0 native plugins for Editor in 0.00 ms.
Invoked RoslynAnalysisRunner static constructor.
RoslynAnalysisRunner will not be running.
RoslynAnalysisRunner has terminated.
Mono: successfully reloaded assembly
- Completed reload, in  1.208 seconds
Platform modules already initialized, skipping
Refreshing native plugins compatible for Editor in 0.61 ms, found 0 plugins.
Preloading 0 native plugins for Editor in 0.00 ms.
Unloading 1122 Unused Serialized files (Serialized files now loaded: 0)
System memory in use before: 57.4 MB.
System memory in use after: 57.5 MB.

Unloading 6 unused Assets to reduce memory usage. Loaded Objects now: 1584.
Total: 4.115800 ms (FindLiveObjects: 0.195200 ms CreateObjectMapping: 0.049300 ms MarkObjects: 3.745100 ms  DeleteObjects: 0.124100 ms)

========================================================================
Received Prepare
Registering precompiled user dll's ...
Registered in 0.001264 seconds.
Begin MonoManager ReloadAssembly
Native extension for WindowsStandalone target not found
Refreshing native plugins compatible for Editor in 0.27 ms, found 0 plugins.
Preloading 0 native plugins for Editor in 0.00 ms.
Invoked RoslynAnalysisRunner static constructor.
RoslynAnalysisRunner will not be running.
RoslynAnalysisRunner has terminated.
Mono: successfully reloaded assembly
- Completed reload, in  1.284 seconds
Platform modules already initialized, skipping
Refreshing native plugins compatible for Editor in 0.32 ms, found 0 plugins.
Preloading 0 native plugins for Editor in 0.00 ms.
Unloading 1122 Unused Serialized files (Serialized files now loaded: 0)
System memory in use before: 57.4 MB.
System memory in use after: 57.5 MB.

Unloading 6 unused Assets to reduce memory usage. Loaded Objects now: 1587.
Total: 1.721600 ms (FindLiveObjects: 0.112600 ms CreateObjectMapping: 0.020200 ms MarkObjects: 1.528500 ms  DeleteObjects: 0.059100 ms)

========================================================================
Received Prepare
Registering precompiled user dll's ...
Registered in 0.002862 seconds.
Begin MonoManager ReloadAssembly
Native extension for WindowsStandalone target not found
Refreshing native plugins compatible for Editor in 0.42 ms, found 0 plugins.
Preloading 0 native plugins for Editor in 0.00 ms.
Invoked RoslynAnalysisRunner static constructor.
RoslynAnalysisRunner will not be running.
RoslynAnalysisRunner has terminated.
Mono: successfully reloaded assembly
- Completed reload, in  1.995 seconds
Platform modules already initialized, skipping
Refreshing native plugins compatible for Editor in 0.48 ms, found 0 plugins.
Preloading 0 native plugins for Editor in 0.00 ms.
Unloading 1122 Unused Serialized files (Serialized files now loaded: 0)
System memory in use before: 57.4 MB.
System memory in use after: 57.5 MB.

Unloading 6 unused Assets to reduce memory usage. Loaded Objects now: 1590.
Total: 2.341400 ms (FindLiveObjects: 0.159200 ms CreateObjectMapping: 0.039900 ms MarkObjects: 2.055900 ms  DeleteObjects: 0.084900 ms)

========================================================================
Received Import Request.
  Time since last request: 244.247725 seconds.
  path: Assets/Scripts/Player.cs
  artifactKey: Guid(1310355666812e547b3c0700bb187ec5) Importer(815301076,1909f56bfc062723c751e8b465ee728b)
Start importing Assets/Scripts/Player.cs using Guid(1310355666812e547b3c0700bb187ec5) Importer(815301076,1909f56bfc062723c751e8b465ee728b)  -> (artifact id: '64f6667cc2cbeda0063aab41a72ad4cf') in 0.012202 seconds
  Import took 0.019731 seconds .

========================================================================
Received Prepare
Registering precompiled user dll's ...
Registered in 0.001502 seconds.
Begin MonoManager ReloadAssembly
Native extension for WindowsStandalone target not found
Refreshing native plugins compatible for Editor in 0.57 ms, found 0 plugins.
Preloading 0 native plugins for Editor in 0.00 ms.
Invoked RoslynAnalysisRunner static constructor.
RoslynAnalysisRunner will not be running.
RoslynAnalysisRunner has terminated.
Mono: successfully reloaded assembly
- Completed reload, in  1.128 seconds
Platform modules already initialized, skipping
Refreshing native plugins compatible for Editor in 0.28 ms, found 0 plugins.
Preloading 0 native plugins for Editor in 0.00 ms.
Unloading 1122 Unused Serialized files (Serialized files now loaded: 0)
System memory in use before: 57.4 MB.
System memory in use after: 57.5 MB.

Unloading 6 unused Assets to reduce memory usage. Loaded Objects now: 1593.
Total: 3.666400 ms (FindLiveObjects: 0.268300 ms CreateObjectMapping: 0.067000 ms MarkObjects: 3.194100 ms  DeleteObjects: 0.134400 ms)

========================================================================
Received Import Request.
  Time since last request: 8.959114 seconds.
  path: Assets/Scripts/Player.cs
  artifactKey: Guid(1310355666812e547b3c0700bb187ec5) Importer(815301076,1909f56bfc062723c751e8b465ee728b)
Start importing Assets/Scripts/Player.cs using Guid(1310355666812e547b3c0700bb187ec5) Importer(815301076,1909f56bfc062723c751e8b465ee728b)  -> (artifact id: 'ef131aa271cb4677eb4c7d02b250c20e') in 0.011403 seconds
  Import took 0.018473 seconds .

========================================================================
Received Prepare
Registering precompiled user dll's ...
Registered in 0.003536 seconds.
Begin MonoManager ReloadAssembly
Native extension for WindowsStandalone target not found
Refreshing native plugins compatible for Editor in 0.55 ms, found 0 plugins.
Preloading 0 native plugins for Editor in 0.00 ms.
Invoked RoslynAnalysisRunner static constructor.
RoslynAnalysisRunner will not be running.
RoslynAnalysisRunner has terminated.
Mono: successfully reloaded assembly
- Completed reload, in  1.948 seconds
Platform modules already initialized, skipping
Refreshing native plugins compatible for Editor in 0.69 ms, found 0 plugins.
Preloading 0 native plugins for Editor in 0.00 ms.
Unloading 1122 Unused Serialized files (Serialized files now loaded: 0)
System memory in use before: 57.4 MB.
System memory in use after: 57.5 MB.

Unloading 6 unused Assets to reduce memory usage. Loaded Objects now: 1596.
Total: 3.968600 ms (FindLiveObjects: 0.243500 ms CreateObjectMapping: 0.065200 ms MarkObjects: 3.542200 ms  DeleteObjects: 0.115500 ms)

========================================================================
Received Prepare
Registering precompiled user dll's ...
Registered in 0.002482 seconds.
Begin MonoManager ReloadAssembly
Native extension for WindowsStandalone target not found
Refreshing native plugins compatible for Editor in 0.25 ms, found 0 plugins.
Preloading 0 native plugins for Editor in 0.00 ms.
Invoked RoslynAnalysisRunner static constructor.
RoslynAnalysisRunner will not be running.
RoslynAnalysisRunner has terminated.
Mono: successfully reloaded assembly
- Completed reload, in  1.495 seconds
Platform modules already initialized, skipping
Refreshing native plugins compatible for Editor in 0.53 ms, found 0 plugins.
Preloading 0 native plugins for Editor in 0.00 ms.
Unloading 1122 Unused Serialized files (Serialized files now loaded: 0)
System memory in use before: 57.4 MB.
System memory in use after: 57.5 MB.

Unloading 6 unused Assets to reduce memory usage. Loaded Objects now: 1599.
Total: 4.137600 ms (FindLiveObjects: 0.291300 ms CreateObjectMapping: 0.069200 ms MarkObjects: 3.649700 ms  DeleteObjects: 0.124600 ms)

========================================================================
Received Import Request.
  Time since last request: 171.360827 seconds.
  path: Assets/Scripts/Player.cs
  artifactKey: Guid(1310355666812e547b3c0700bb187ec5) Importer(815301076,1909f56bfc062723c751e8b465ee728b)
Start importing Assets/Scripts/Player.cs using Guid(1310355666812e547b3c0700bb187ec5) Importer(815301076,1909f56bfc062723c751e8b465ee728b)  -> (artifact id: 'd8da17d6bfba8a5a2f49e4aaf2242428') in 0.013055 seconds
  Import took 0.022059 seconds .

========================================================================
Received Import Request.
  Time since last request: 4.304773 seconds.
  path: Assets/Scripts/Player.cs
  artifactKey: Guid(1310355666812e547b3c0700bb187ec5) Importer(815301076,1909f56bfc062723c751e8b465ee728b)
Start importing Assets/Scripts/Player.cs using Guid(1310355666812e547b3c0700bb187ec5) Importer(815301076,1909f56bfc062723c751e8b465ee728b)  -> (artifact id: 'dec8dbf39acf7cab068f8dd616dd29a7') in 0.004438 seconds
  Import took 0.009436 seconds .

========================================================================
Received Prepare
Registering precompiled user dll's ...
Registered in 0.002660 seconds.
Begin MonoManager ReloadAssembly
Native extension for WindowsStandalone target not found
Refreshing native plugins compatible for Editor in 0.35 ms, found 0 plugins.
Preloading 0 native plugins for Editor in 0.00 ms.
Invoked RoslynAnalysisRunner static constructor.
RoslynAnalysisRunner will not be running.
RoslynAnalysisRunner has terminated.
Mono: successfully reloaded assembly
- Completed reload, in  1.095 seconds
Platform modules already initialized, skipping
Refreshing native plugins compatible for Editor in 0.30 ms, found 0 plugins.
Preloading 0 native plugins for Editor in 0.00 ms.
Unloading 1122 Unused Serialized files (Serialized files now loaded: 0)
System memory in use before: 57.4 MB.
System memory in use after: 57.5 MB.

Unloading 6 unused Assets to reduce memory usage. Loaded Objects now: 1602.
Total: 2.802400 ms (FindLiveObjects: 0.138900 ms CreateObjectMapping: 0.026500 ms MarkObjects: 2.573000 ms  DeleteObjects: 0.062800 ms)

========================================================================
Received Import Request.
  Time since last request: 13.151320 seconds.
  path: Assets/Scripts/Player.cs
  artifactKey: Guid(1310355666812e547b3c0700bb187ec5) Importer(815301076,1909f56bfc062723c751e8b465ee728b)
Start importing Assets/Scripts/Player.cs using Guid(1310355666812e547b3c0700bb187ec5) Importer(815301076,1909f56bfc062723c751e8b465ee728b)  -> (artifact id: '2337c21691c85fd567f65efbbaa9d117') in 0.006312 seconds
  Import took 0.009193 seconds .

========================================================================
Received Import Request.
  Time since last request: 1.145781 seconds.
  path: Assets/Scripts/Player.cs
  artifactKey: Guid(1310355666812e547b3c0700bb187ec5) Importer(815301076,1909f56bfc062723c751e8b465ee728b)
Start importing Assets/Scripts/Player.cs using Guid(1310355666812e547b3c0700bb187ec5) Importer(815301076,1909f56bfc062723c751e8b465ee728b)  -> (artifact id: '2337c21691c85fd567f65efbbaa9d117') in 0.003491 seconds
  Import took 0.006358 seconds .

========================================================================
Received Prepare
Registering precompiled user dll's ...
Registered in 0.001521 seconds.
Begin MonoManager ReloadAssembly
Native extension for WindowsStandalone target not found
Refreshing native plugins compatible for Editor in 0.43 ms, found 0 plugins.
Preloading 0 native plugins for Editor in 0.00 ms.
Invoked RoslynAnalysisRunner static constructor.
RoslynAnalysisRunner will not be running.
RoslynAnalysisRunner has terminated.
Mono: successfully reloaded assembly
- Completed reload, in  1.801 seconds
Platform modules already initialized, skipping
Refreshing native plugins compatible for Editor in 0.51 ms, found 0 plugins.
Preloading 0 native plugins for Editor in 0.00 ms.
Unloading 1122 Unused Serialized files (Serialized files now loaded: 0)
System memory in use before: 57.4 MB.
System memory in use after: 57.5 MB.

Unloading 6 unused Assets to reduce memory usage. Loaded Objects now: 1605.
Total: 4.554100 ms (FindLiveObjects: 0.214300 ms CreateObjectMapping: 0.044000 ms MarkObjects: 4.159600 ms  DeleteObjects: 0.133100 ms)

========================================================================
Received Prepare
Registering precompiled user dll's ...
Registered in 0.001277 seconds.
Begin MonoManager ReloadAssembly
Native extension for WindowsStandalone target not found
Refreshing native plugins compatible for Editor in 0.24 ms, found 0 plugins.
Preloading 0 native plugins for Editor in 0.00 ms.
Invoked RoslynAnalysisRunner static constructor.
RoslynAnalysisRunner will not be running.
RoslynAnalysisRunner has terminated.
Mono: successfully reloaded assembly
- Completed reload, in  1.131 seconds
Platform modules already initialized, skipping
Refreshing native plugins compatible for Editor in 0.26 ms, found 0 plugins.
Preloading 0 native plugins for Editor in 0.00 ms.
Unloading 1122 Unused Serialized files (Serialized files now loaded: 0)
System memory in use before: 57.4 MB.
System memory in use after: 57.5 MB.

Unloading 6 unused Assets to reduce memory usage. Loaded Objects now: 1608.
Total: 1.396500 ms (FindLiveObjects: 0.117900 ms CreateObjectMapping: 0.018900 ms MarkObjects: 1.202900 ms  DeleteObjects: 0.056000 ms)

========================================================================
Received Import Request.
  Time since last request: 38.391957 seconds.
  path: Assets/Scripts/Player.cs
  artifactKey: Guid(1310355666812e547b3c0700bb187ec5) Importer(815301076,1909f56bfc062723c751e8b465ee728b)
Start importing Assets/Scripts/Player.cs using Guid(1310355666812e547b3c0700bb187ec5) Importer(815301076,1909f56bfc062723c751e8b465ee728b)  -> (artifact id: '4ebc5089c3cbcca72ab0bd3832aa26c6') in 0.005370 seconds
  Import took 0.011673 seconds .

========================================================================
Received Prepare
Registering precompiled user dll's ...
Registered in 0.003008 seconds.
Begin MonoManager ReloadAssembly
Native extension for WindowsStandalone target not found
Refreshing native plugins compatible for Editor in 0.32 ms, found 0 plugins.
Preloading 0 native plugins for Editor in 0.00 ms.
Invoked RoslynAnalysisRunner static constructor.
RoslynAnalysisRunner will not be running.
RoslynAnalysisRunner has terminated.
Mono: successfully reloaded assembly
- Completed reload, in  2.101 seconds
Platform modules already initialized, skipping
Refreshing native plugins compatible for Editor in 0.43 ms, found 0 plugins.
Preloading 0 native plugins for Editor in 0.00 ms.
Unloading 1122 Unused Serialized files (Serialized files now loaded: 0)
System memory in use before: 57.4 MB.
System memory in use after: 57.5 MB.

Unloading 6 unused Assets to reduce memory usage. Loaded Objects now: 1611.
Total: 2.524300 ms (FindLiveObjects: 0.181800 ms CreateObjectMapping: 0.038600 ms MarkObjects: 2.193000 ms  DeleteObjects: 0.109100 ms)

========================================================================
Received Prepare
Registering precompiled user dll's ...
Registered in 0.002589 seconds.
Begin MonoManager ReloadAssembly
Native extension for WindowsStandalone target not found
Refreshing native plugins compatible for Editor in 0.35 ms, found 0 plugins.
Preloading 0 native plugins for Editor in 0.00 ms.
Invoked RoslynAnalysisRunner static constructor.
RoslynAnalysisRunner will not be running.
RoslynAnalysisRunner has terminated.
Mono: successfully reloaded assembly
- Completed reload, in  1.476 seconds
Platform modules already initialized, skipping
Refreshing native plugins compatible for Editor in 0.63 ms, found 0 plugins.
Preloading 0 native plugins for Editor in 0.00 ms.
Unloading 1122 Unused Serialized files (Serialized files now loaded: 0)
System memory in use before: 57.4 MB.
System memory in use after: 57.5 MB.

Unloading 6 unused Assets to reduce memory usage. Loaded Objects now: 1614.
Total: 5.222400 ms (FindLiveObjects: 0.250000 ms CreateObjectMapping: 0.065500 ms MarkObjects: 4.719700 ms  DeleteObjects: 0.183100 ms)

========================================================================
Received Prepare
Registering precompiled user dll's ...
Registered in 0.001608 seconds.
Begin MonoManager ReloadAssembly
Native extension for WindowsStandalone target not found
Refreshing native plugins compatible for Editor in 0.47 ms, found 0 plugins.
Preloading 0 native plugins for Editor in 0.00 ms.
Invoked RoslynAnalysisRunner static constructor.
RoslynAnalysisRunner will not be running.
RoslynAnalysisRunner has terminated.
Mono: successfully reloaded assembly
- Completed reload, in  1.773 seconds
Platform modules already initialized, skipping
Refreshing native plugins compatible for Editor in 0.39 ms, found 0 plugins.
Preloading 0 native plugins for Editor in 0.00 ms.
Unloading 1122 Unused Serialized files (Serialized files now loaded: 0)
System memory in use before: 57.4 MB.
System memory in use after: 57.5 MB.

Unloading 6 unused Assets to reduce memory usage. Loaded Objects now: 1617.
Total: 2.547900 ms (FindLiveObjects: 0.139300 ms CreateObjectMapping: 0.026300 ms MarkObjects: 2.267000 ms  DeleteObjects: 0.113700 ms)

========================================================================
Received Prepare
Registering precompiled user dll's ...
Registered in 0.002538 seconds.
Begin MonoManager ReloadAssembly
Native extension for WindowsStandalone target not found
Refreshing native plugins compatible for Editor in 0.38 ms, found 0 plugins.
Preloading 0 native plugins for Editor in 0.00 ms.
Invoked RoslynAnalysisRunner static constructor.
RoslynAnalysisRunner will not be running.
RoslynAnalysisRunner has terminated.
Mono: successfully reloaded assembly
- Completed reload, in  2.086 seconds
Platform modules already initialized, skipping
Refreshing native plugins compatible for Editor in 0.35 ms, found 0 plugins.
Preloading 0 native plugins for Editor in 0.00 ms.
Unloading 1122 Unused Serialized files (Serialized files now loaded: 0)
System memory in use before: 57.4 MB.
System memory in use after: 57.5 MB.

Unloading 6 unused Assets to reduce memory usage. Loaded Objects now: 1620.
Total: 1.730300 ms (FindLiveObjects: 0.116900 ms CreateObjectMapping: 0.020300 ms MarkObjects: 1.539200 ms  DeleteObjects: 0.053100 ms)

========================================================================
Received Prepare
Registering precompiled user dll's ...
Registered in 0.002032 seconds.
Begin MonoManager ReloadAssembly
Native extension for WindowsStandalone target not found
Refreshing native plugins compatible for Editor in 0.49 ms, found 0 plugins.
Preloading 0 native plugins for Editor in 0.00 ms.
Invoked RoslynAnalysisRunner static constructor.
RoslynAnalysisRunner will not be running.
RoslynAnalysisRunner has terminated.
Mono: successfully reloaded assembly
- Completed reload, in  1.811 seconds
Platform modules already initialized, skipping
Refreshing native plugins compatible for Editor in 0.41 ms, found 0 plugins.
Preloading 0 native plugins for Editor in 0.00 ms.
Unloading 1122 Unused Serialized files (Serialized files now loaded: 0)
System memory in use before: 57.5 MB.
System memory in use after: 57.5 MB.

Unloading 6 unused Assets to reduce memory usage. Loaded Objects now: 1623.
Total: 2.416000 ms (FindLiveObjects: 0.160400 ms CreateObjectMapping: 0.037500 ms MarkObjects: 2.137400 ms  DeleteObjects: 0.079300 ms)

========================================================================
Received Prepare
Registering precompiled user dll's ...
Registered in 0.002778 seconds.
Begin MonoManager ReloadAssembly
Native extension for WindowsStandalone target not found
Refreshing native plugins compatible for Editor in 0.21 ms, found 0 plugins.
Preloading 0 native plugins for Editor in 0.00 ms.
Invoked RoslynAnalysisRunner static constructor.
RoslynAnalysisRunner will not be running.
RoslynAnalysisRunner has terminated.
Mono: successfully reloaded assembly
- Completed reload, in  1.040 seconds
Platform modules already initialized, skipping
Refreshing native plugins compatible for Editor in 0.39 ms, found 0 plugins.
Preloading 0 native plugins for Editor in 0.00 ms.
Unloading 1122 Unused Serialized files (Serialized files now loaded: 0)
System memory in use before: 57.5 MB.
System memory in use after: 57.5 MB.

Unloading 6 unused Assets to reduce memory usage. Loaded Objects now: 1626.
Total: 2.009300 ms (FindLiveObjects: 0.187500 ms CreateObjectMapping: 0.057400 ms MarkObjects: 1.672900 ms  DeleteObjects: 0.090000 ms)

========================================================================
Received Prepare
Registering precompiled user dll's ...
Registered in 0.001314 seconds.
Begin MonoManager ReloadAssembly
Native extension for WindowsStandalone target not found
Refreshing native plugins compatible for Editor in 0.29 ms, found 0 plugins.
Preloading 0 native plugins for Editor in 0.00 ms.
Invoked RoslynAnalysisRunner static constructor.
RoslynAnalysisRunner will not be running.
RoslynAnalysisRunner has terminated.
Mono: successfully reloaded assembly
- Completed reload, in  0.967 seconds
Platform modules already initialized, skipping
Refreshing native plugins compatible for Editor in 0.40 ms, found 0 plugins.
Preloading 0 native plugins for Editor in 0.00 ms.
Unloading 1122 Unused Serialized files (Serialized files now loaded: 0)
System memory in use before: 57.5 MB.
System memory in use after: 57.5 MB.

Unloading 6 unused Assets to reduce memory usage. Loaded Objects now: 1629.
Total: 1.323000 ms (FindLiveObjects: 0.122100 ms CreateObjectMapping: 0.022200 ms MarkObjects: 1.105700 ms  DeleteObjects: 0.072300 ms)

========================================================================
Received Prepare
Refreshing native plugins compatible for Editor in 1.73 ms, found 0 plugins.
Preloading 0 native plugins for Editor in 0.00 ms.
Unloading 4 Unused Serialized files (Serialized files now loaded: 0)
System memory in use before: 35.3 MB.
System memory in use after: 35.4 MB.

Unloading 4 unused Assets to reduce memory usage. Loaded Objects now: 1629.
Total: 2.631400 ms (FindLiveObjects: 0.146100 ms CreateObjectMapping: 0.036100 ms MarkObjects: 2.349600 ms  DeleteObjects: 0.093100 ms)

========================================================================
Received Prepare
Registering precompiled user dll's ...
Registered in 0.001145 seconds.
Begin MonoManager ReloadAssembly
Native extension for WindowsStandalone target not found
Refreshing native plugins compatible for Editor in 0.49 ms, found 0 plugins.
Preloading 0 native plugins for Editor in 0.00 ms.
Invoked RoslynAnalysisRunner static constructor.
RoslynAnalysisRunner will not be running.
RoslynAnalysisRunner has terminated.
Mono: successfully reloaded assembly
- Completed reload, in  2.310 seconds
Platform modules already initialized, skipping
Refreshing native plugins compatible for Editor in 0.45 ms, found 0 plugins.
Preloading 0 native plugins for Editor in 0.00 ms.
Unloading 1122 Unused Serialized files (Serialized files now loaded: 0)
System memory in use before: 57.5 MB.
System memory in use after: 57.5 MB.

Unloading 6 unused Assets to reduce memory usage. Loaded Objects now: 1632.
Total: 4.030200 ms (FindLiveObjects: 0.395700 ms CreateObjectMapping: 0.153500 ms MarkObjects: 3.344900 ms  DeleteObjects: 0.133800 ms)

========================================================================
Received Prepare
Registering precompiled user dll's ...
Registered in 0.002838 seconds.
Begin MonoManager ReloadAssembly
Native extension for WindowsStandalone target not found
Refreshing native plugins compatible for Editor in 0.30 ms, found 0 plugins.
Preloading 0 native plugins for Editor in 0.00 ms.
Invoked RoslynAnalysisRunner static constructor.
RoslynAnalysisRunner will not be running.
RoslynAnalysisRunner has terminated.
Mono: successfully reloaded assembly
- Completed reload, in  1.993 seconds
Platform modules already initialized, skipping
Refreshing native plugins compatible for Editor in 0.77 ms, found 0 plugins.
Preloading 0 native plugins for Editor in 0.00 ms.
Unloading 1122 Unused Serialized files (Serialized files now loaded: 0)
System memory in use before: 57.5 MB.
System memory in use after: 57.6 MB.

Unloading 6 unused Assets to reduce memory usage. Loaded Objects now: 1635.
Total: 5.211100 ms (FindLiveObjects: 0.356500 ms CreateObjectMapping: 0.146100 ms MarkObjects: 4.588300 ms  DeleteObjects: 0.117500 ms)

========================================================================
Received Prepare
Registering precompiled user dll's ...
Registered in 0.002211 seconds.
Begin MonoManager ReloadAssembly
Native extension for WindowsStandalone target not found
Refreshing native plugins compatible for Editor in 0.40 ms, found 0 plugins.
Preloading 0 native plugins for Editor in 0.00 ms.
Invoked RoslynAnalysisRunner static constructor.
RoslynAnalysisRunner will not be running.
RoslynAnalysisRunner has terminated.
Mono: successfully reloaded assembly
- Completed reload, in  1.846 seconds
Platform modules already initialized, skipping
Refreshing native plugins compatible for Editor in 0.51 ms, found 0 plugins.
Preloading 0 native plugins for Editor in 0.00 ms.
Unloading 1122 Unused Serialized files (Serialized files now loaded: 0)
System memory in use before: 57.5 MB.
System memory in use after: 57.6 MB.

Unloading 6 unused Assets to reduce memory usage. Loaded Objects now: 1638.
Total: 5.602200 ms (FindLiveObjects: 0.414800 ms CreateObjectMapping: 0.128800 ms MarkObjects: 4.856800 ms  DeleteObjects: 0.198000 ms)

========================================================================
Received Prepare
Registering precompiled user dll's ...
Registered in 0.001314 seconds.
Begin MonoManager ReloadAssembly
Native extension for WindowsStandalone target not found
Refreshing native plugins compatible for Editor in 0.38 ms, found 0 plugins.
Preloading 0 native plugins for Editor in 0.00 ms.
Invoked RoslynAnalysisRunner static constructor.
RoslynAnalysisRunner will not be running.
RoslynAnalysisRunner has terminated.
Mono: successfully reloaded assembly
- Completed reload, in  1.268 seconds
Platform modules already initialized, skipping
Refreshing native plugins compatible for Editor in 0.34 ms, found 0 plugins.
Preloading 0 native plugins for Editor in 0.00 ms.
Unloading 1122 Unused Serialized files (Serialized files now loaded: 0)
System memory in use before: 57.5 MB.
System memory in use after: 57.6 MB.

Unloading 6 unused Assets to reduce memory usage. Loaded Objects now: 1641.
Total: 1.530800 ms (FindLiveObjects: 0.155900 ms CreateObjectMapping: 0.020500 ms MarkObjects: 1.296500 ms  DeleteObjects: 0.057100 ms)

========================================================================
Received Import Request.
  Time since last request: 1302.738507 seconds.
  path: Assets/Models
  artifactKey: Guid(36b6128325295f84a89e57b570ccaf05) Importer(815301076,1909f56bfc062723c751e8b465ee728b)
Start importing Assets/Models using Guid(36b6128325295f84a89e57b570ccaf05) Importer(815301076,1909f56bfc062723c751e8b465ee728b)  -> (artifact id: '5655e11c94b3988ce940ec96afa7ee94') in 0.031945 seconds
  Import took 0.039173 seconds .

========================================================================
Received Prepare
Registering precompiled user dll's ...
Registered in 0.001787 seconds.
Begin MonoManager ReloadAssembly
Native extension for WindowsStandalone target not found
Refreshing native plugins compatible for Editor in 0.47 ms, found 0 plugins.
Preloading 0 native plugins for Editor in 0.00 ms.
Invoked RoslynAnalysisRunner static constructor.
RoslynAnalysisRunner will not be running.
RoslynAnalysisRunner has terminated.
Mono: successfully reloaded assembly
- Completed reload, in  0.901 seconds
Platform modules already initialized, skipping
Refreshing native plugins compatible for Editor in 0.44 ms, found 0 plugins.
Preloading 0 native plugins for Editor in 0.00 ms.
Unloading 1122 Unused Serialized files (Serialized files now loaded: 0)
System memory in use before: 57.5 MB.
System memory in use after: 57.6 MB.

Unloading 6 unused Assets to reduce memory usage. Loaded Objects now: 1644.
Total: 2.731000 ms (FindLiveObjects: 0.168300 ms CreateObjectMapping: 0.036600 ms MarkObjects: 2.427800 ms  DeleteObjects: 0.096500 ms)

========================================================================
Received Import Request.
  Time since last request: 50.006295 seconds.
  path: Assets/Scripts/PlayerMovement.cs
  artifactKey: Guid(240cb3c15505e0149b22c973577d35fa) Importer(815301076,1909f56bfc062723c751e8b465ee728b)
Start importing Assets/Scripts/PlayerMovement.cs using Guid(240cb3c15505e0149b22c973577d35fa) Importer(815301076,1909f56bfc062723c751e8b465ee728b)  -> (artifact id: '94346f6c41d280a2dee65bf3ed546c2c') in 0.014973 seconds
  Import took 0.025204 seconds .

========================================================================
Received Prepare
Registering precompiled user dll's ...
Registered in 0.002040 seconds.
Begin MonoManager ReloadAssembly
Native extension for WindowsStandalone target not found
Refreshing native plugins compatible for Editor in 0.38 ms, found 0 plugins.
Preloading 0 native plugins for Editor in 0.00 ms.
Invoked RoslynAnalysisRunner static constructor.
RoslynAnalysisRunner will not be running.
RoslynAnalysisRunner has terminated.
Mono: successfully reloaded assembly
- Completed reload, in  1.345 seconds
Platform modules already initialized, skipping
Refreshing native plugins compatible for Editor in 0.44 ms, found 0 plugins.
Preloading 0 native plugins for Editor in 0.00 ms.
Unloading 1122 Unused Serialized files (Serialized files now loaded: 0)
System memory in use before: 57.5 MB.
System memory in use after: 57.6 MB.

Unloading 6 unused Assets to reduce memory usage. Loaded Objects now: 1647.
Total: 3.371500 ms (FindLiveObjects: 0.173400 ms CreateObjectMapping: 0.038900 ms MarkObjects: 3.050600 ms  DeleteObjects: 0.107000 ms)

========================================================================
Received Import Request.
  Time since last request: 80.285449 seconds.
  path: Assets/Scripts/Bullet.cs
  artifactKey: Guid(2c8651865b136354b9489d83c84d5825) Importer(815301076,1909f56bfc062723c751e8b465ee728b)
Start importing Assets/Scripts/Bullet.cs using Guid(2c8651865b136354b9489d83c84d5825) Importer(815301076,1909f56bfc062723c751e8b465ee728b)  -> (artifact id: '7afc706074ddc58f4785017b890036fb') in 0.025055 seconds
  Import took 0.027908 seconds .

========================================================================
Received Prepare
Registering precompiled user dll's ...
Registered in 0.002148 seconds.
Begin MonoManager ReloadAssembly
Native extension for WindowsStandalone target not found
Refreshing native plugins compatible for Editor in 0.23 ms, found 0 plugins.
Preloading 0 native plugins for Editor in 0.00 ms.
Invoked RoslynAnalysisRunner static constructor.
RoslynAnalysisRunner will not be running.
RoslynAnalysisRunner has terminated.
Mono: successfully reloaded assembly
- Completed reload, in  0.990 seconds
Platform modules already initialized, skipping
Refreshing native plugins compatible for Editor in 0.25 ms, found 0 plugins.
Preloading 0 native plugins for Editor in 0.00 ms.
Unloading 1122 Unused Serialized files (Serialized files now loaded: 0)
System memory in use before: 57.5 MB.
System memory in use after: 57.6 MB.

Unloading 6 unused Assets to reduce memory usage. Loaded Objects now: 1650.
Total: 1.377500 ms (FindLiveObjects: 0.119900 ms CreateObjectMapping: 0.026700 ms MarkObjects: 1.172000 ms  DeleteObjects: 0.057900 ms)

========================================================================
Received Import Request.
  Time since last request: 13.568264 seconds.
  path: Assets/Scripts/Bullet.cs
  artifactKey: Guid(2c8651865b136354b9489d83c84d5825) Importer(815301076,1909f56bfc062723c751e8b465ee728b)
Start importing Assets/Scripts/Bullet.cs using Guid(2c8651865b136354b9489d83c84d5825) Importer(815301076,1909f56bfc062723c751e8b465ee728b)  -> (artifact id: '00000000000000000000000000000000') in 0.001713 seconds
  ERROR: Build asset version error: assets/scripts/bullet.cs in SourceAssetDB has modification time of '2023-06-21T14:36:54.1787973Z' while content on disk has modification time of '2023-06-21T14:36:58.1486865Z'
  Import took 0.003738 seconds .

========================================================================
Received Import Request.
  Time since last request: 0.083267 seconds.
  path: Assets/Scripts/Bullet.cs
  artifactKey: Guid(2c8651865b136354b9489d83c84d5825) Importer(815301076,1909f56bfc062723c751e8b465ee728b)
Start importing Assets/Scripts/Bullet.cs using Guid(2c8651865b136354b9489d83c84d5825) Importer(815301076,1909f56bfc062723c751e8b465ee728b)  -> (artifact id: '00000000000000000000000000000000') in 0.000484 seconds
  ERROR: Build asset version error: assets/scripts/bullet.cs in SourceAssetDB has modification time of '2023-06-21T14:36:54.1787973Z' while content on disk has modification time of '2023-06-21T14:36:58.1486865Z'
  Import took 0.003094 seconds .

========================================================================
Received Import Request.
  Time since last request: 0.025977 seconds.
  path: Assets/Scripts/Bullet.cs
  artifactKey: Guid(2c8651865b136354b9489d83c84d5825) Importer(815301076,1909f56bfc062723c751e8b465ee728b)
Start importing Assets/Scripts/Bullet.cs using Guid(2c8651865b136354b9489d83c84d5825) Importer(815301076,1909f56bfc062723c751e8b465ee728b)  -> (artifact id: '00000000000000000000000000000000') in 0.000462 seconds
  ERROR: Build asset version error: assets/scripts/bullet.cs in SourceAssetDB has modification time of '2023-06-21T14:36:54.1787973Z' while content on disk has modification time of '2023-06-21T14:36:58.1486865Z'
  Import took 0.003072 seconds .

========================================================================
Received Import Request.
  Time since last request: 0.024611 seconds.
  path: Assets/Scripts/Bullet.cs
  artifactKey: Guid(2c8651865b136354b9489d83c84d5825) Importer(815301076,1909f56bfc062723c751e8b465ee728b)
Start importing Assets/Scripts/Bullet.cs using Guid(2c8651865b136354b9489d83c84d5825) Importer(815301076,1909f56bfc062723c751e8b465ee728b)  -> (artifact id: '00000000000000000000000000000000') in 0.000427 seconds
  ERROR: Build asset version error: assets/scripts/bullet.cs in SourceAssetDB has modification time of '2023-06-21T14:36:54.1787973Z' while content on disk has modification time of '2023-06-21T14:36:58.1486865Z'
  Import took 0.002816 seconds .

========================================================================
Received Import Request.
  Time since last request: 0.023405 seconds.
  path: Assets/Scripts/Bullet.cs
  artifactKey: Guid(2c8651865b136354b9489d83c84d5825) Importer(815301076,1909f56bfc062723c751e8b465ee728b)
Start importing Assets/Scripts/Bullet.cs using Guid(2c8651865b136354b9489d83c84d5825) Importer(815301076,1909f56bfc062723c751e8b465ee728b)  -> (artifact id: '00000000000000000000000000000000') in 0.000457 seconds
  ERROR: Build asset version error: assets/scripts/bullet.cs in SourceAssetDB has modification time of '2023-06-21T14:36:54.1787973Z' while content on disk has modification time of '2023-06-21T14:36:58.1486865Z'
  Import took 0.002838 seconds .

========================================================================
Received Import Request.
  Time since last request: 0.031688 seconds.
  path: Assets/Scripts/Bullet.cs
  artifactKey: Guid(2c8651865b136354b9489d83c84d5825) Importer(815301076,1909f56bfc062723c751e8b465ee728b)
Start importing Assets/Scripts/Bullet.cs using Guid(2c8651865b136354b9489d83c84d5825) Importer(815301076,1909f56bfc062723c751e8b465ee728b)  -> (artifact id: '00000000000000000000000000000000') in 0.000525 seconds
  ERROR: Build asset version error: assets/scripts/bullet.cs in SourceAssetDB has modification time of '2023-06-21T14:36:54.1787973Z' while content on disk has modification time of '2023-06-21T14:36:59.0528308Z'
  Import took 0.003354 seconds .

========================================================================
Received Import Request.
  Time since last request: 0.037344 seconds.
  path: Assets/Scripts/Bullet.cs
  artifactKey: Guid(2c8651865b136354b9489d83c84d5825) Importer(815301076,1909f56bfc062723c751e8b465ee728b)
Start importing Assets/Scripts/Bullet.cs using Guid(2c8651865b136354b9489d83c84d5825) Importer(815301076,1909f56bfc062723c751e8b465ee728b)  -> (artifact id: '00000000000000000000000000000000') in 0.000480 seconds
  ERROR: Build asset version error: assets/scripts/bullet.cs in SourceAssetDB has modification time of '2023-06-21T14:36:54.1787973Z' while content on disk has modification time of '2023-06-21T14:36:59.0528308Z'
  Import took 0.002944 seconds .

========================================================================
Received Import Request.
  Time since last request: 0.021269 seconds.
  path: Assets/Scripts/Bullet.cs
  artifactKey: Guid(2c8651865b136354b9489d83c84d5825) Importer(815301076,1909f56bfc062723c751e8b465ee728b)
Start importing Assets/Scripts/Bullet.cs using Guid(2c8651865b136354b9489d83c84d5825) Importer(815301076,1909f56bfc062723c751e8b465ee728b)  -> (artifact id: '00000000000000000000000000000000') in 0.000384 seconds
  ERROR: Build asset version error: assets/scripts/bullet.cs in SourceAssetDB has modification time of '2023-06-21T14:36:54.1787973Z' while content on disk has modification time of '2023-06-21T14:36:59.0528308Z'
  Import took 0.002752 seconds .

========================================================================
Received Import Request.
  Time since last request: 0.027294 seconds.
  path: Assets/Scripts/Bullet.cs
  artifactKey: Guid(2c8651865b136354b9489d83c84d5825) Importer(815301076,1909f56bfc062723c751e8b465ee728b)
Start importing Assets/Scripts/Bullet.cs using Guid(2c8651865b136354b9489d83c84d5825) Importer(815301076,1909f56bfc062723c751e8b465ee728b)  -> (artifact id: '00000000000000000000000000000000') in 0.000522 seconds
  ERROR: Build asset version error: assets/scripts/bullet.cs in SourceAssetDB has modification time of '2023-06-21T14:36:54.1787973Z' while content on disk has modification time of '2023-06-21T14:36:59.0528308Z'
  Import took 0.003493 seconds .

========================================================================
Received Import Request.
  Time since last request: 0.027387 seconds.
  path: Assets/Scripts/Bullet.cs
  artifactKey: Guid(2c8651865b136354b9489d83c84d5825) Importer(815301076,1909f56bfc062723c751e8b465ee728b)
Start importing Assets/Scripts/Bullet.cs using Guid(2c8651865b136354b9489d83c84d5825) Importer(815301076,1909f56bfc062723c751e8b465ee728b)  -> (artifact id: '00000000000000000000000000000000') in 0.000741 seconds
  ERROR: Build asset version error: assets/scripts/bullet.cs in SourceAssetDB has modification time of '2023-06-21T14:36:54.1787973Z' while content on disk has modification time of '2023-06-21T14:36:59.0528308Z'
  Import took 0.005882 seconds .

========================================================================
Received Import Request.
  Time since last request: 0.031005 seconds.
  path: Assets/Scripts/Bullet.cs
  artifactKey: Guid(2c8651865b136354b9489d83c84d5825) Importer(815301076,1909f56bfc062723c751e8b465ee728b)
Start importing Assets/Scripts/Bullet.cs using Guid(2c8651865b136354b9489d83c84d5825) Importer(815301076,1909f56bfc062723c751e8b465ee728b)  -> (artifact id: '00000000000000000000000000000000') in 0.000634 seconds
  ERROR: Build asset version error: assets/scripts/bullet.cs in SourceAssetDB has modification time of '2023-06-21T14:36:54.1787973Z' while content on disk has modification time of '2023-06-21T14:36:59.0528308Z'
  Import took 0.004383 seconds .

========================================================================
Received Import Request.
  Time since last request: 0.031765 seconds.
  path: Assets/Scripts/Bullet.cs
  artifactKey: Guid(2c8651865b136354b9489d83c84d5825) Importer(815301076,1909f56bfc062723c751e8b465ee728b)
Start importing Assets/Scripts/Bullet.cs using Guid(2c8651865b136354b9489d83c84d5825) Importer(815301076,1909f56bfc062723c751e8b465ee728b)  -> (artifact id: '00000000000000000000000000000000') in 0.000742 seconds
  ERROR: Build asset version error: assets/scripts/bullet.cs in SourceAssetDB has modification time of '2023-06-21T14:36:54.1787973Z' while content on disk has modification time of '2023-06-21T14:36:59.0528308Z'
  Import took 0.005009 seconds .

========================================================================
Received Import Request.
  Time since last request: 0.043915 seconds.
  path: Assets/Scripts/Bullet.cs
  artifactKey: Guid(2c8651865b136354b9489d83c84d5825) Importer(815301076,1909f56bfc062723c751e8b465ee728b)
Start importing Assets/Scripts/Bullet.cs using Guid(2c8651865b136354b9489d83c84d5825) Importer(815301076,1909f56bfc062723c751e8b465ee728b)  -> (artifact id: '00000000000000000000000000000000') in 0.000775 seconds
  ERROR: Build asset version error: assets/scripts/bullet.cs in SourceAssetDB has modification time of '2023-06-21T14:36:54.1787973Z' while content on disk has modification time of '2023-06-21T14:36:59.0528308Z'
  Import took 0.006240 seconds .

========================================================================
Received Import Request.
  Time since last request: 0.035543 seconds.
  path: Assets/Scripts/Bullet.cs
  artifactKey: Guid(2c8651865b136354b9489d83c84d5825) Importer(815301076,1909f56bfc062723c751e8b465ee728b)
Start importing Assets/Scripts/Bullet.cs using Guid(2c8651865b136354b9489d83c84d5825) Importer(815301076,1909f56bfc062723c751e8b465ee728b)  -> (artifact id: '00000000000000000000000000000000') in 0.000937 seconds
  ERROR: Build asset version error: assets/scripts/bullet.cs in SourceAssetDB has modification time of '2023-06-21T14:36:54.1787973Z' while content on disk has modification time of '2023-06-21T14:36:59.0528308Z'
  Import took 0.005619 seconds .

========================================================================
Received Import Request.
  Time since last request: 0.046350 seconds.
  path: Assets/Scripts/Bullet.cs
  artifactKey: Guid(2c8651865b136354b9489d83c84d5825) Importer(815301076,1909f56bfc062723c751e8b465ee728b)
Start importing Assets/Scripts/Bullet.cs using Guid(2c8651865b136354b9489d83c84d5825) Importer(815301076,1909f56bfc062723c751e8b465ee728b)  -> (artifact id: '00000000000000000000000000000000') in 0.000955 seconds
  ERROR: Build asset version error: assets/scripts/bullet.cs in SourceAssetDB has modification time of '2023-06-21T14:36:54.1787973Z' while content on disk has modification time of '2023-06-21T14:36:59.0528308Z'
  Import took 0.006431 seconds .

========================================================================
Received Prepare
Registering precompiled user dll's ...
Registered in 0.001921 seconds.
Begin MonoManager ReloadAssembly
Native extension for WindowsStandalone target not found
Refreshing native plugins compatible for Editor in 0.24 ms, found 0 plugins.
Preloading 0 native plugins for Editor in 0.00 ms.
Invoked RoslynAnalysisRunner static constructor.
RoslynAnalysisRunner will not be running.
RoslynAnalysisRunner has terminated.
Mono: successfully reloaded assembly
- Completed reload, in  1.059 seconds
Platform modules already initialized, skipping
Refreshing native plugins compatible for Editor in 0.30 ms, found 0 plugins.
Preloading 0 native plugins for Editor in 0.00 ms.
Unloading 1122 Unused Serialized files (Serialized files now loaded: 0)
System memory in use before: 57.5 MB.
System memory in use after: 57.6 MB.

Unloading 6 unused Assets to reduce memory usage. Loaded Objects now: 1653.
Total: 3.110000 ms (FindLiveObjects: 0.104500 ms CreateObjectMapping: 0.024100 ms MarkObjects: 2.757300 ms  DeleteObjects: 0.220700 ms)

========================================================================
Received Import Request.
  Time since last request: 3.912932 seconds.
  path: Assets/Scripts/Bullet.cs
  artifactKey: Guid(2c8651865b136354b9489d83c84d5825) Importer(815301076,1909f56bfc062723c751e8b465ee728b)
Start importing Assets/Scripts/Bullet.cs using Guid(2c8651865b136354b9489d83c84d5825) Importer(815301076,1909f56bfc062723c751e8b465ee728b)  -> (artifact id: 'd1d34128063f10015af44b73ea38d1e8') in 0.004434 seconds
  Import took 0.006561 seconds .

========================================================================
Received Prepare
Refreshing native plugins compatible for Editor in 1.61 ms, found 0 plugins.
Preloading 0 native plugins for Editor in 0.00 ms.
Unloading 4 Unused Serialized files (Serialized files now loaded: 0)
System memory in use before: 35.3 MB.
System memory in use after: 35.4 MB.

Unloading 4 unused Assets to reduce memory usage. Loaded Objects now: 1653.
Total: 2.621700 ms (FindLiveObjects: 0.175500 ms CreateObjectMapping: 0.041400 ms MarkObjects: 2.311400 ms  DeleteObjects: 0.091500 ms)

AssetImportWorkerClient::OnTransportError - code=2 error=End of file
